The system is: Darwin - 21.1.0 - arm64
Compiling the C compiler identification source file "CMakeCCompilerId.c" succeeded.
Compiler: /Users/victor/miniforge3/envs/tf_m1/bin/arm64-apple-darwin20.0.0-clang 
Build flags: -ftree-vectorize;-fPIC;-fPIE;-fstack-protector-strong;-O2;-pipe;-isystem;/Users/victor/miniforge3/envs/tf_m1/include
Id flags:  

The output was:
0


Compilation of the C compiler identification source "CMakeCCompilerId.c" produced "a.out"

The C compiler identification is Clang, found in "/Users/victor/Documents/DarkSide/NeutronSource/MC/build/CMakeFiles/3.22.1/CompilerIdC/a.out"

Compiling the CXX compiler identification source file "CMakeCXXCompilerId.cpp" succeeded.
Compiler: /Users/victor/miniforge3/envs/tf_m1/bin/arm64-apple-darwin20.0.0-clang++ 
Build flags: -ftree-vectorize;-fPIC;-fPIE;-fstack-protector-strong;-O2;-pipe;-stdlib=libc++;-fvisibility-inlines-hidden;-std=c++14;-fmessage-length=0;-isystem;/Users/victor/miniforge3/envs/tf_m1/include
Id flags:  

The output was:
0


Compilation of the CXX compiler identification source "CMakeCXXCompilerId.cpp" produced "a.out"

The CXX compiler identification is Clang, found in "/Users/victor/Documents/DarkSide/NeutronSource/MC/build/CMakeFiles/3.22.1/CompilerIdCXX/a.out"

Detecting C compiler ABI info compiled with the following output:
Change Dir: /Users/victor/Documents/DarkSide/NeutronSource/MC/build/CMakeFiles/CMakeTmp

Run Build Command(s):/usr/bin/make -f Makefile cmTC_4984c/fast && /Library/Developer/CommandLineTools/usr/bin/make  -f CMakeFiles/cmTC_4984c.dir/build.make CMakeFiles/cmTC_4984c.dir/build
Building C object CMakeFiles/cmTC_4984c.dir/CMakeCCompilerABI.c.o
/Users/victor/miniforge3/envs/tf_m1/bin/arm64-apple-darwin20.0.0-clang   -ftree-vectorize -fPIC -fPIE -fstack-protector-strong -O2 -pipe -isystem /Users/victor/miniforge3/envs/tf_m1/include  -arch arm64 -isysroot /Library/Developer/CommandLineTools/SDKs/MacOSX.sdk   -v -Wl,-v -MD -MT CMakeFiles/cmTC_4984c.dir/CMakeCCompilerABI.c.o -MF CMakeFiles/cmTC_4984c.dir/CMakeCCompilerABI.c.o.d -o CMakeFiles/cmTC_4984c.dir/CMakeCCompilerABI.c.o -c /Applications/CMake.app/Contents/share/cmake-3.22/Modules/CMakeCCompilerABI.c
clang version 11.1.0
Target: aarch64-apple-darwin20.0.0
Thread model: posix
InstalledDir: /Users/victor/miniforge3/envs/tf_m1/bin
clang-11: warning: -Wl,-v: 'linker' input unused [-Wunused-command-line-argument]
 (in-process)
 "/Users/victor/miniforge3/envs/tf_m1/bin/clang-11" -cc1 -triple arm64-apple-macosx12.0.0 -Wundef-prefix=TARGET_OS_ -Werror=undef-prefix -Wdeprecated-objc-isa-usage -Werror=deprecated-objc-isa-usage -emit-obj -disable-free -disable-llvm-verifier -discard-value-names -main-file-name CMakeCCompilerABI.c -mrelocation-model pic -pic-level 2 -mframe-pointer=non-leaf -fno-rounding-math -munwind-tables -target-sdk-version=12.0 -fcompatibility-qualified-id-block-type-checking -target-cpu apple-a7 -target-feature +fp-armv8 -target-feature +neon -target-feature +crypto -target-feature +zcm -target-feature +zcz -target-feature +sha2 -target-feature +aes -target-abi darwinpcs -fallow-half-arguments-and-returns -debugger-tuning=lldb -target-linker-version 530 -v -resource-dir /Users/victor/miniforge3/envs/tf_m1/lib/clang/11.1.0 -dependency-file CMakeFiles/cmTC_4984c.dir/CMakeCCompilerABI.c.o.d -MT CMakeFiles/cmTC_4984c.dir/CMakeCCompilerABI.c.o -sys-header-deps -isystem /Users/victor/miniforge3/envs/tf_m1/include -isysroot /Library/Developer/CommandLineTools/SDKs/MacOSX.sdk -internal-isystem /Library/Developer/CommandLineTools/SDKs/MacOSX.sdk/usr/local/include -internal-isystem /Users/victor/miniforge3/envs/tf_m1/lib/clang/11.1.0/include -internal-externc-isystem /Library/Developer/CommandLineTools/SDKs/MacOSX.sdk/usr/include -O2 -fdebug-compilation-dir /Users/victor/Documents/DarkSide/NeutronSource/MC/build/CMakeFiles/CMakeTmp -ferror-limit 19 -stack-protector 2 -fblocks -fencode-extended-block-signature -fregister-global-dtors-with-atexit -fgnuc-version=4.2.1 -fmax-type-align=16 -vectorize-loops -vectorize-slp -o CMakeFiles/cmTC_4984c.dir/CMakeCCompilerABI.c.o -x c /Applications/CMake.app/Contents/share/cmake-3.22/Modules/CMakeCCompilerABI.c
clang -cc1 version 11.1.0 based upon LLVM 11.1.0 default target arm64-apple-darwin21.1.0
ignoring nonexistent directory "/Library/Developer/CommandLineTools/SDKs/MacOSX.sdk/usr/local/include"
ignoring nonexistent directory "/Library/Developer/CommandLineTools/SDKs/MacOSX.sdk/Library/Frameworks"
#include "..." search starts here:
#include <...> search starts here:
 /Users/victor/miniforge3/envs/tf_m1/include
 /Users/victor/miniforge3/envs/tf_m1/lib/clang/11.1.0/include
 /Library/Developer/CommandLineTools/SDKs/MacOSX.sdk/usr/include
 /Library/Developer/CommandLineTools/SDKs/MacOSX.sdk/System/Library/Frameworks (framework directory)
End of search list.
Linking C executable cmTC_4984c
/Applications/CMake.app/Contents/bin/cmake -E cmake_link_script CMakeFiles/cmTC_4984c.dir/link.txt --verbose=1
/Users/victor/miniforge3/envs/tf_m1/bin/arm64-apple-darwin20.0.0-clang -ftree-vectorize -fPIC -fPIE -fstack-protector-strong -O2 -pipe -isystem /Users/victor/miniforge3/envs/tf_m1/include  -arch arm64 -isysroot /Library/Developer/CommandLineTools/SDKs/MacOSX.sdk -Wl,-search_paths_first -Wl,-headerpad_max_install_names -Wl,-pie -Wl,-headerpad_max_install_names -Wl,-dead_strip_dylibs -Wl,-rpath,/Users/victor/miniforge3/envs/tf_m1/lib -L/Users/victor/miniforge3/envs/tf_m1/lib -v -Wl,-v CMakeFiles/cmTC_4984c.dir/CMakeCCompilerABI.c.o -o cmTC_4984c 
clang version 11.1.0
Target: aarch64-apple-darwin20.0.0
Thread model: posix
InstalledDir: /Users/victor/miniforge3/envs/tf_m1/bin
 "/Users/victor/miniforge3/envs/tf_m1/bin/arm64-apple-darwin20.0.0-ld" -demangle -lto_library /Users/victor/miniforge3/envs/tf_m1/lib/libLTO.11.dylib -dynamic -arch arm64 -platform_version macos 12.0.0 12.0 -pie -syslibroot /Library/Developer/CommandLineTools/SDKs/MacOSX.sdk -o cmTC_4984c -L/Users/victor/miniforge3/envs/tf_m1/lib -search_paths_first -headerpad_max_install_names -pie -headerpad_max_install_names -dead_strip_dylibs -rpath /Users/victor/miniforge3/envs/tf_m1/lib -v CMakeFiles/cmTC_4984c.dir/CMakeCCompilerABI.c.o -lSystem /Users/victor/miniforge3/envs/tf_m1/lib/clang/11.1.0/lib/darwin/libclang_rt.osx.a
@(#)PROGRAM:ld  PROJECT:ld64-530
BUILD 16:51:22 Apr  5 2021
configured to support archs: armv6 armv7 armv7s arm64 arm64e arm64_32 i386 x86_64 x86_64h armv6m armv7k armv7m armv7em (tvOS)
Library search paths:
	/Users/victor/miniforge3/envs/tf_m1/lib
	/Library/Developer/CommandLineTools/SDKs/MacOSX.sdk/usr/lib
Framework search paths:
	/Library/Developer/CommandLineTools/SDKs/MacOSX.sdk/System/Library/Frameworks/



Parsed C implicit include dir info from above output: rv=done
  found start of include info
  found start of implicit include info
    add: [/Users/victor/miniforge3/envs/tf_m1/include]
    add: [/Users/victor/miniforge3/envs/tf_m1/lib/clang/11.1.0/include]
    add: [/Library/Developer/CommandLineTools/SDKs/MacOSX.sdk/usr/include]
  end of search list found
  collapse include dir [/Users/victor/miniforge3/envs/tf_m1/include] ==> [/Users/victor/miniforge3/envs/tf_m1/include]
  collapse include dir [/Users/victor/miniforge3/envs/tf_m1/lib/clang/11.1.0/include] ==> [/Users/victor/miniforge3/envs/tf_m1/lib/clang/11.1.0/include]
  collapse include dir [/Library/Developer/CommandLineTools/SDKs/MacOSX.sdk/usr/include] ==> [/Library/Developer/CommandLineTools/SDKs/MacOSX.sdk/usr/include]
  implicit include dirs: [/Users/victor/miniforge3/envs/tf_m1/include;/Users/victor/miniforge3/envs/tf_m1/lib/clang/11.1.0/include;/Library/Developer/CommandLineTools/SDKs/MacOSX.sdk/usr/include]


Parsed C implicit link information from above output:
  link line regex: [^( *|.*[/\])(arm64-apple-darwin20\.0\.0-ld|CMAKE_LINK_STARTFILE-NOTFOUND|([^/\]+-)?ld|collect2)[^/\]*( |$)]
  ignore line: [Change Dir: /Users/victor/Documents/DarkSide/NeutronSource/MC/build/CMakeFiles/CMakeTmp]
  ignore line: []
  ignore line: [Run Build Command(s):/usr/bin/make -f Makefile cmTC_4984c/fast && /Library/Developer/CommandLineTools/usr/bin/make  -f CMakeFiles/cmTC_4984c.dir/build.make CMakeFiles/cmTC_4984c.dir/build]
  ignore line: [Building C object CMakeFiles/cmTC_4984c.dir/CMakeCCompilerABI.c.o]
  ignore line: [/Users/victor/miniforge3/envs/tf_m1/bin/arm64-apple-darwin20.0.0-clang   -ftree-vectorize -fPIC -fPIE -fstack-protector-strong -O2 -pipe -isystem /Users/victor/miniforge3/envs/tf_m1/include  -arch arm64 -isysroot /Library/Developer/CommandLineTools/SDKs/MacOSX.sdk   -v -Wl -v -MD -MT CMakeFiles/cmTC_4984c.dir/CMakeCCompilerABI.c.o -MF CMakeFiles/cmTC_4984c.dir/CMakeCCompilerABI.c.o.d -o CMakeFiles/cmTC_4984c.dir/CMakeCCompilerABI.c.o -c /Applications/CMake.app/Contents/share/cmake-3.22/Modules/CMakeCCompilerABI.c]
  ignore line: [clang version 11.1.0]
  ignore line: [Target: aarch64-apple-darwin20.0.0]
  ignore line: [Thread model: posix]
  ignore line: [InstalledDir: /Users/victor/miniforge3/envs/tf_m1/bin]
  ignore line: [clang-11: warning: -Wl -v: 'linker' input unused [-Wunused-command-line-argument]]
  ignore line: [ (in-process)]
  ignore line: [ "/Users/victor/miniforge3/envs/tf_m1/bin/clang-11" -cc1 -triple arm64-apple-macosx12.0.0 -Wundef-prefix=TARGET_OS_ -Werror=undef-prefix -Wdeprecated-objc-isa-usage -Werror=deprecated-objc-isa-usage -emit-obj -disable-free -disable-llvm-verifier -discard-value-names -main-file-name CMakeCCompilerABI.c -mrelocation-model pic -pic-level 2 -mframe-pointer=non-leaf -fno-rounding-math -munwind-tables -target-sdk-version=12.0 -fcompatibility-qualified-id-block-type-checking -target-cpu apple-a7 -target-feature +fp-armv8 -target-feature +neon -target-feature +crypto -target-feature +zcm -target-feature +zcz -target-feature +sha2 -target-feature +aes -target-abi darwinpcs -fallow-half-arguments-and-returns -debugger-tuning=lldb -target-linker-version 530 -v -resource-dir /Users/victor/miniforge3/envs/tf_m1/lib/clang/11.1.0 -dependency-file CMakeFiles/cmTC_4984c.dir/CMakeCCompilerABI.c.o.d -MT CMakeFiles/cmTC_4984c.dir/CMakeCCompilerABI.c.o -sys-header-deps -isystem /Users/victor/miniforge3/envs/tf_m1/include -isysroot /Library/Developer/CommandLineTools/SDKs/MacOSX.sdk -internal-isystem /Library/Developer/CommandLineTools/SDKs/MacOSX.sdk/usr/local/include -internal-isystem /Users/victor/miniforge3/envs/tf_m1/lib/clang/11.1.0/include -internal-externc-isystem /Library/Developer/CommandLineTools/SDKs/MacOSX.sdk/usr/include -O2 -fdebug-compilation-dir /Users/victor/Documents/DarkSide/NeutronSource/MC/build/CMakeFiles/CMakeTmp -ferror-limit 19 -stack-protector 2 -fblocks -fencode-extended-block-signature -fregister-global-dtors-with-atexit -fgnuc-version=4.2.1 -fmax-type-align=16 -vectorize-loops -vectorize-slp -o CMakeFiles/cmTC_4984c.dir/CMakeCCompilerABI.c.o -x c /Applications/CMake.app/Contents/share/cmake-3.22/Modules/CMakeCCompilerABI.c]
  ignore line: [clang -cc1 version 11.1.0 based upon LLVM 11.1.0 default target arm64-apple-darwin21.1.0]
  ignore line: [ignoring nonexistent directory "/Library/Developer/CommandLineTools/SDKs/MacOSX.sdk/usr/local/include"]
  ignore line: [ignoring nonexistent directory "/Library/Developer/CommandLineTools/SDKs/MacOSX.sdk/Library/Frameworks"]
  ignore line: [#include "..." search starts here:]
  ignore line: [#include <...> search starts here:]
  ignore line: [ /Users/victor/miniforge3/envs/tf_m1/include]
  ignore line: [ /Users/victor/miniforge3/envs/tf_m1/lib/clang/11.1.0/include]
  ignore line: [ /Library/Developer/CommandLineTools/SDKs/MacOSX.sdk/usr/include]
  ignore line: [ /Library/Developer/CommandLineTools/SDKs/MacOSX.sdk/System/Library/Frameworks (framework directory)]
  ignore line: [End of search list.]
  ignore line: [Linking C executable cmTC_4984c]
  ignore line: [/Applications/CMake.app/Contents/bin/cmake -E cmake_link_script CMakeFiles/cmTC_4984c.dir/link.txt --verbose=1]
  ignore line: [/Users/victor/miniforge3/envs/tf_m1/bin/arm64-apple-darwin20.0.0-clang -ftree-vectorize -fPIC -fPIE -fstack-protector-strong -O2 -pipe -isystem /Users/victor/miniforge3/envs/tf_m1/include  -arch arm64 -isysroot /Library/Developer/CommandLineTools/SDKs/MacOSX.sdk -Wl -search_paths_first -Wl -headerpad_max_install_names -Wl -pie -Wl -headerpad_max_install_names -Wl -dead_strip_dylibs -Wl -rpath /Users/victor/miniforge3/envs/tf_m1/lib -L/Users/victor/miniforge3/envs/tf_m1/lib -v -Wl -v CMakeFiles/cmTC_4984c.dir/CMakeCCompilerABI.c.o -o cmTC_4984c ]
  ignore line: [clang version 11.1.0]
  ignore line: [Target: aarch64-apple-darwin20.0.0]
  ignore line: [Thread model: posix]
  ignore line: [InstalledDir: /Users/victor/miniforge3/envs/tf_m1/bin]
  link line: [ "/Users/victor/miniforge3/envs/tf_m1/bin/arm64-apple-darwin20.0.0-ld" -demangle -lto_library /Users/victor/miniforge3/envs/tf_m1/lib/libLTO.11.dylib -dynamic -arch arm64 -platform_version macos 12.0.0 12.0 -pie -syslibroot /Library/Developer/CommandLineTools/SDKs/MacOSX.sdk -o cmTC_4984c -L/Users/victor/miniforge3/envs/tf_m1/lib -search_paths_first -headerpad_max_install_names -pie -headerpad_max_install_names -dead_strip_dylibs -rpath /Users/victor/miniforge3/envs/tf_m1/lib -v CMakeFiles/cmTC_4984c.dir/CMakeCCompilerABI.c.o -lSystem /Users/victor/miniforge3/envs/tf_m1/lib/clang/11.1.0/lib/darwin/libclang_rt.osx.a]
    arg [/Users/victor/miniforge3/envs/tf_m1/bin/arm64-apple-darwin20.0.0-ld] ==> ignore
    arg [-demangle] ==> ignore
    arg [-lto_library] ==> ignore, skip following value
    arg [/Users/victor/miniforge3/envs/tf_m1/lib/libLTO.11.dylib] ==> skip value of -lto_library
    arg [-dynamic] ==> ignore
    arg [-arch] ==> ignore
    arg [arm64] ==> ignore
    arg [-platform_version] ==> ignore
    arg [macos] ==> ignore
    arg [12.0.0] ==> ignore
    arg [12.0] ==> ignore
    arg [-pie] ==> ignore
    arg [-syslibroot] ==> ignore
    arg [/Library/Developer/CommandLineTools/SDKs/MacOSX.sdk] ==> ignore
    arg [-o] ==> ignore
    arg [cmTC_4984c] ==> ignore
    arg [-L/Users/victor/miniforge3/envs/tf_m1/lib] ==> dir [/Users/victor/miniforge3/envs/tf_m1/lib]
    arg [-search_paths_first] ==> ignore
    arg [-headerpad_max_install_names] ==> ignore
    arg [-pie] ==> ignore
    arg [-headerpad_max_install_names] ==> ignore
    arg [-dead_strip_dylibs] ==> ignore
    arg [-rpath] ==> ignore
    arg [/Users/victor/miniforge3/envs/tf_m1/lib] ==> ignore
    arg [-v] ==> ignore
    arg [CMakeFiles/cmTC_4984c.dir/CMakeCCompilerABI.c.o] ==> ignore
    arg [-lSystem] ==> lib [System]
    arg [/Users/victor/miniforge3/envs/tf_m1/lib/clang/11.1.0/lib/darwin/libclang_rt.osx.a] ==> lib [/Users/victor/miniforge3/envs/tf_m1/lib/clang/11.1.0/lib/darwin/libclang_rt.osx.a]
  Library search paths: [;/Users/victor/miniforge3/envs/tf_m1/lib;/Library/Developer/CommandLineTools/SDKs/MacOSX.sdk/usr/lib]
  Framework search paths: [;/Library/Developer/CommandLineTools/SDKs/MacOSX.sdk/System/Library/Frameworks/]
  remove lib [System]
  remove lib [/Users/victor/miniforge3/envs/tf_m1/lib/clang/11.1.0/lib/darwin/libclang_rt.osx.a]
  collapse library dir [/Users/victor/miniforge3/envs/tf_m1/lib] ==> [/Users/victor/miniforge3/envs/tf_m1/lib]
  collapse library dir [/Users/victor/miniforge3/envs/tf_m1/lib] ==> [/Users/victor/miniforge3/envs/tf_m1/lib]
  collapse library dir [/Library/Developer/CommandLineTools/SDKs/MacOSX.sdk/usr/lib] ==> [/Library/Developer/CommandLineTools/SDKs/MacOSX.sdk/usr/lib]
  collapse framework dir [/Library/Developer/CommandLineTools/SDKs/MacOSX.sdk/System/Library/Frameworks/] ==> [/Library/Developer/CommandLineTools/SDKs/MacOSX.sdk/System/Library/Frameworks]
  implicit libs: []
  implicit objs: []
  implicit dirs: [/Users/victor/miniforge3/envs/tf_m1/lib;/Library/Developer/CommandLineTools/SDKs/MacOSX.sdk/usr/lib]
  implicit fwks: [/Library/Developer/CommandLineTools/SDKs/MacOSX.sdk/System/Library/Frameworks]


Detecting CXX compiler ABI info compiled with the following output:
Change Dir: /Users/victor/Documents/DarkSide/NeutronSource/MC/build/CMakeFiles/CMakeTmp

Run Build Command(s):/usr/bin/make -f Makefile cmTC_5ad1a/fast && /Library/Developer/CommandLineTools/usr/bin/make  -f CMakeFiles/cmTC_5ad1a.dir/build.make CMakeFiles/cmTC_5ad1a.dir/build
Building CXX object CMakeFiles/cmTC_5ad1a.dir/CMakeCXXCompilerABI.cpp.o
/Users/victor/miniforge3/envs/tf_m1/bin/arm64-apple-darwin20.0.0-clang++   -ftree-vectorize -fPIC -fPIE -fstack-protector-strong -O2 -pipe -stdlib=libc++ -fvisibility-inlines-hidden -std=c++14 -fmessage-length=0 -isystem /Users/victor/miniforge3/envs/tf_m1/include  -arch arm64 -isysroot /Library/Developer/CommandLineTools/SDKs/MacOSX.sdk   -v -Wl,-v -MD -MT CMakeFiles/cmTC_5ad1a.dir/CMakeCXXCompilerABI.cpp.o -MF CMakeFiles/cmTC_5ad1a.dir/CMakeCXXCompilerABI.cpp.o.d -o CMakeFiles/cmTC_5ad1a.dir/CMakeCXXCompilerABI.cpp.o -c /Applications/CMake.app/Contents/share/cmake-3.22/Modules/CMakeCXXCompilerABI.cpp
clang version 11.1.0
Target: aarch64-apple-darwin20.0.0
Thread model: posix
InstalledDir: /Users/victor/miniforge3/envs/tf_m1/bin
clang-11: warning: -Wl,-v: 'linker' input unused [-Wunused-command-line-argument]
 (in-process)
 "/Users/victor/miniforge3/envs/tf_m1/bin/clang-11" -cc1 -triple arm64-apple-macosx12.0.0 -Wundef-prefix=TARGET_OS_ -Werror=undef-prefix -Wdeprecated-objc-isa-usage -Werror=deprecated-objc-isa-usage -emit-obj -disable-free -disable-llvm-verifier -discard-value-names -main-file-name CMakeCXXCompilerABI.cpp -mrelocation-model pic -pic-level 2 -mframe-pointer=non-leaf -fno-rounding-math -munwind-tables -target-sdk-version=12.0 -fcompatibility-qualified-id-block-type-checking -target-cpu apple-a7 -target-feature +fp-armv8 -target-feature +neon -target-feature +crypto -target-feature +zcm -target-feature +zcz -target-feature +sha2 -target-feature +aes -target-abi darwinpcs -fallow-half-arguments-and-returns -debugger-tuning=lldb -target-linker-version 530 -v -resource-dir /Users/victor/miniforge3/envs/tf_m1/lib/clang/11.1.0 -dependency-file CMakeFiles/cmTC_5ad1a.dir/CMakeCXXCompilerABI.cpp.o.d -MT CMakeFiles/cmTC_5ad1a.dir/CMakeCXXCompilerABI.cpp.o -sys-header-deps -isystem /Users/victor/miniforge3/envs/tf_m1/include -isysroot /Library/Developer/CommandLineTools/SDKs/MacOSX.sdk -stdlib=libc++ -internal-isystem /Users/victor/miniforge3/envs/tf_m1/bin/../include/c++/v1 -internal-isystem /Library/Developer/CommandLineTools/SDKs/MacOSX.sdk/usr/local/include -internal-isystem /Users/victor/miniforge3/envs/tf_m1/lib/clang/11.1.0/include -internal-externc-isystem /Library/Developer/CommandLineTools/SDKs/MacOSX.sdk/usr/include -O2 -std=c++14 -fdeprecated-macro -fdebug-compilation-dir /Users/victor/Documents/DarkSide/NeutronSource/MC/build/CMakeFiles/CMakeTmp -ferror-limit 19 -fvisibility-inlines-hidden -stack-protector 2 -fblocks -fencode-extended-block-signature -fregister-global-dtors-with-atexit -fgnuc-version=4.2.1 -fcxx-exceptions -fexceptions -fmax-type-align=16 -vectorize-loops -vectorize-slp -o CMakeFiles/cmTC_5ad1a.dir/CMakeCXXCompilerABI.cpp.o -x c++ /Applications/CMake.app/Contents/share/cmake-3.22/Modules/CMakeCXXCompilerABI.cpp
clang -cc1 version 11.1.0 based upon LLVM 11.1.0 default target arm64-apple-darwin21.1.0
ignoring nonexistent directory "/Library/Developer/CommandLineTools/SDKs/MacOSX.sdk/usr/local/include"
ignoring nonexistent directory "/Library/Developer/CommandLineTools/SDKs/MacOSX.sdk/Library/Frameworks"
#include "..." search starts here:
#include <...> search starts here:
 /Users/victor/miniforge3/envs/tf_m1/include
 /Users/victor/miniforge3/envs/tf_m1/bin/../include/c++/v1
 /Users/victor/miniforge3/envs/tf_m1/lib/clang/11.1.0/include
 /Library/Developer/CommandLineTools/SDKs/MacOSX.sdk/usr/include
 /Library/Developer/CommandLineTools/SDKs/MacOSX.sdk/System/Library/Frameworks (framework directory)
End of search list.
Linking CXX executable cmTC_5ad1a
/Applications/CMake.app/Contents/bin/cmake -E cmake_link_script CMakeFiles/cmTC_5ad1a.dir/link.txt --verbose=1
/Users/victor/miniforge3/envs/tf_m1/bin/arm64-apple-darwin20.0.0-clang++ -ftree-vectorize -fPIC -fPIE -fstack-protector-strong -O2 -pipe -stdlib=libc++ -fvisibility-inlines-hidden -std=c++14 -fmessage-length=0 -isystem /Users/victor/miniforge3/envs/tf_m1/include  -arch arm64 -isysroot /Library/Developer/CommandLineTools/SDKs/MacOSX.sdk -Wl,-search_paths_first -Wl,-headerpad_max_install_names -Wl,-pie -Wl,-headerpad_max_install_names -Wl,-dead_strip_dylibs -Wl,-rpath,/Users/victor/miniforge3/envs/tf_m1/lib -L/Users/victor/miniforge3/envs/tf_m1/lib -v -Wl,-v CMakeFiles/cmTC_5ad1a.dir/CMakeCXXCompilerABI.cpp.o -o cmTC_5ad1a 
clang version 11.1.0
Target: aarch64-apple-darwin20.0.0
Thread model: posix
InstalledDir: /Users/victor/miniforge3/envs/tf_m1/bin
 "/Users/victor/miniforge3/envs/tf_m1/bin/arm64-apple-darwin20.0.0-ld" -demangle -lto_library /Users/victor/miniforge3/envs/tf_m1/lib/libLTO.11.dylib -dynamic -arch arm64 -platform_version macos 12.0.0 12.0 -pie -syslibroot /Library/Developer/CommandLineTools/SDKs/MacOSX.sdk -o cmTC_5ad1a -L/Users/victor/miniforge3/envs/tf_m1/lib -search_paths_first -headerpad_max_install_names -pie -headerpad_max_install_names -dead_strip_dylibs -rpath /Users/victor/miniforge3/envs/tf_m1/lib -v CMakeFiles/cmTC_5ad1a.dir/CMakeCXXCompilerABI.cpp.o -lc++ -lSystem /Users/victor/miniforge3/envs/tf_m1/lib/clang/11.1.0/lib/darwin/libclang_rt.osx.a
@(#)PROGRAM:ld  PROJECT:ld64-530
BUILD 16:51:22 Apr  5 2021
configured to support archs: armv6 armv7 armv7s arm64 arm64e arm64_32 i386 x86_64 x86_64h armv6m armv7k armv7m armv7em (tvOS)
Library search paths:
	/Users/victor/miniforge3/envs/tf_m1/lib
	/Library/Developer/CommandLineTools/SDKs/MacOSX.sdk/usr/lib
Framework search paths:
	/Library/Developer/CommandLineTools/SDKs/MacOSX.sdk/System/Library/Frameworks/



Parsed CXX implicit include dir info from above output: rv=done
  found start of include info
  found start of implicit include info
    add: [/Users/victor/miniforge3/envs/tf_m1/include]
    add: [/Users/victor/miniforge3/envs/tf_m1/bin/../include/c++/v1]
    add: [/Users/victor/miniforge3/envs/tf_m1/lib/clang/11.1.0/include]
    add: [/Library/Developer/CommandLineTools/SDKs/MacOSX.sdk/usr/include]
  end of search list found
  collapse include dir [/Users/victor/miniforge3/envs/tf_m1/include] ==> [/Users/victor/miniforge3/envs/tf_m1/include]
  collapse include dir [/Users/victor/miniforge3/envs/tf_m1/bin/../include/c++/v1] ==> [/Users/victor/miniforge3/envs/tf_m1/include/c++/v1]
  collapse include dir [/Users/victor/miniforge3/envs/tf_m1/lib/clang/11.1.0/include] ==> [/Users/victor/miniforge3/envs/tf_m1/lib/clang/11.1.0/include]
  collapse include dir [/Library/Developer/CommandLineTools/SDKs/MacOSX.sdk/usr/include] ==> [/Library/Developer/CommandLineTools/SDKs/MacOSX.sdk/usr/include]
  implicit include dirs: [/Users/victor/miniforge3/envs/tf_m1/include;/Users/victor/miniforge3/envs/tf_m1/include/c++/v1;/Users/victor/miniforge3/envs/tf_m1/lib/clang/11.1.0/include;/Library/Developer/CommandLineTools/SDKs/MacOSX.sdk/usr/include]


Parsed CXX implicit link information from above output:
  link line regex: [^( *|.*[/\])(arm64-apple-darwin20\.0\.0-ld|CMAKE_LINK_STARTFILE-NOTFOUND|([^/\]+-)?ld|collect2)[^/\]*( |$)]
  ignore line: [Change Dir: /Users/victor/Documents/DarkSide/NeutronSource/MC/build/CMakeFiles/CMakeTmp]
  ignore line: []
  ignore line: [Run Build Command(s):/usr/bin/make -f Makefile cmTC_5ad1a/fast && /Library/Developer/CommandLineTools/usr/bin/make  -f CMakeFiles/cmTC_5ad1a.dir/build.make CMakeFiles/cmTC_5ad1a.dir/build]
  ignore line: [Building CXX object CMakeFiles/cmTC_5ad1a.dir/CMakeCXXCompilerABI.cpp.o]
  ignore line: [/Users/victor/miniforge3/envs/tf_m1/bin/arm64-apple-darwin20.0.0-clang++   -ftree-vectorize -fPIC -fPIE -fstack-protector-strong -O2 -pipe -stdlib=libc++ -fvisibility-inlines-hidden -std=c++14 -fmessage-length=0 -isystem /Users/victor/miniforge3/envs/tf_m1/include  -arch arm64 -isysroot /Library/Developer/CommandLineTools/SDKs/MacOSX.sdk   -v -Wl -v -MD -MT CMakeFiles/cmTC_5ad1a.dir/CMakeCXXCompilerABI.cpp.o -MF CMakeFiles/cmTC_5ad1a.dir/CMakeCXXCompilerABI.cpp.o.d -o CMakeFiles/cmTC_5ad1a.dir/CMakeCXXCompilerABI.cpp.o -c /Applications/CMake.app/Contents/share/cmake-3.22/Modules/CMakeCXXCompilerABI.cpp]
  ignore line: [clang version 11.1.0]
  ignore line: [Target: aarch64-apple-darwin20.0.0]
  ignore line: [Thread model: posix]
  ignore line: [InstalledDir: /Users/victor/miniforge3/envs/tf_m1/bin]
  ignore line: [clang-11: warning: -Wl -v: 'linker' input unused [-Wunused-command-line-argument]]
  ignore line: [ (in-process)]
  ignore line: [ "/Users/victor/miniforge3/envs/tf_m1/bin/clang-11" -cc1 -triple arm64-apple-macosx12.0.0 -Wundef-prefix=TARGET_OS_ -Werror=undef-prefix -Wdeprecated-objc-isa-usage -Werror=deprecated-objc-isa-usage -emit-obj -disable-free -disable-llvm-verifier -discard-value-names -main-file-name CMakeCXXCompilerABI.cpp -mrelocation-model pic -pic-level 2 -mframe-pointer=non-leaf -fno-rounding-math -munwind-tables -target-sdk-version=12.0 -fcompatibility-qualified-id-block-type-checking -target-cpu apple-a7 -target-feature +fp-armv8 -target-feature +neon -target-feature +crypto -target-feature +zcm -target-feature +zcz -target-feature +sha2 -target-feature +aes -target-abi darwinpcs -fallow-half-arguments-and-returns -debugger-tuning=lldb -target-linker-version 530 -v -resource-dir /Users/victor/miniforge3/envs/tf_m1/lib/clang/11.1.0 -dependency-file CMakeFiles/cmTC_5ad1a.dir/CMakeCXXCompilerABI.cpp.o.d -MT CMakeFiles/cmTC_5ad1a.dir/CMakeCXXCompilerABI.cpp.o -sys-header-deps -isystem /Users/victor/miniforge3/envs/tf_m1/include -isysroot /Library/Developer/CommandLineTools/SDKs/MacOSX.sdk -stdlib=libc++ -internal-isystem /Users/victor/miniforge3/envs/tf_m1/bin/../include/c++/v1 -internal-isystem /Library/Developer/CommandLineTools/SDKs/MacOSX.sdk/usr/local/include -internal-isystem /Users/victor/miniforge3/envs/tf_m1/lib/clang/11.1.0/include -internal-externc-isystem /Library/Developer/CommandLineTools/SDKs/MacOSX.sdk/usr/include -O2 -std=c++14 -fdeprecated-macro -fdebug-compilation-dir /Users/victor/Documents/DarkSide/NeutronSource/MC/build/CMakeFiles/CMakeTmp -ferror-limit 19 -fvisibility-inlines-hidden -stack-protector 2 -fblocks -fencode-extended-block-signature -fregister-global-dtors-with-atexit -fgnuc-version=4.2.1 -fcxx-exceptions -fexceptions -fmax-type-align=16 -vectorize-loops -vectorize-slp -o CMakeFiles/cmTC_5ad1a.dir/CMakeCXXCompilerABI.cpp.o -x c++ /Applications/CMake.app/Contents/share/cmake-3.22/Modules/CMakeCXXCompilerABI.cpp]
  ignore line: [clang -cc1 version 11.1.0 based upon LLVM 11.1.0 default target arm64-apple-darwin21.1.0]
  ignore line: [ignoring nonexistent directory "/Library/Developer/CommandLineTools/SDKs/MacOSX.sdk/usr/local/include"]
  ignore line: [ignoring nonexistent directory "/Library/Developer/CommandLineTools/SDKs/MacOSX.sdk/Library/Frameworks"]
  ignore line: [#include "..." search starts here:]
  ignore line: [#include <...> search starts here:]
  ignore line: [ /Users/victor/miniforge3/envs/tf_m1/include]
  ignore line: [ /Users/victor/miniforge3/envs/tf_m1/bin/../include/c++/v1]
  ignore line: [ /Users/victor/miniforge3/envs/tf_m1/lib/clang/11.1.0/include]
  ignore line: [ /Library/Developer/CommandLineTools/SDKs/MacOSX.sdk/usr/include]
  ignore line: [ /Library/Developer/CommandLineTools/SDKs/MacOSX.sdk/System/Library/Frameworks (framework directory)]
  ignore line: [End of search list.]
  ignore line: [Linking CXX executable cmTC_5ad1a]
  ignore line: [/Applications/CMake.app/Contents/bin/cmake -E cmake_link_script CMakeFiles/cmTC_5ad1a.dir/link.txt --verbose=1]
  ignore line: [/Users/victor/miniforge3/envs/tf_m1/bin/arm64-apple-darwin20.0.0-clang++ -ftree-vectorize -fPIC -fPIE -fstack-protector-strong -O2 -pipe -stdlib=libc++ -fvisibility-inlines-hidden -std=c++14 -fmessage-length=0 -isystem /Users/victor/miniforge3/envs/tf_m1/include  -arch arm64 -isysroot /Library/Developer/CommandLineTools/SDKs/MacOSX.sdk -Wl -search_paths_first -Wl -headerpad_max_install_names -Wl -pie -Wl -headerpad_max_install_names -Wl -dead_strip_dylibs -Wl -rpath /Users/victor/miniforge3/envs/tf_m1/lib -L/Users/victor/miniforge3/envs/tf_m1/lib -v -Wl -v CMakeFiles/cmTC_5ad1a.dir/CMakeCXXCompilerABI.cpp.o -o cmTC_5ad1a ]
  ignore line: [clang version 11.1.0]
  ignore line: [Target: aarch64-apple-darwin20.0.0]
  ignore line: [Thread model: posix]
  ignore line: [InstalledDir: /Users/victor/miniforge3/envs/tf_m1/bin]
  link line: [ "/Users/victor/miniforge3/envs/tf_m1/bin/arm64-apple-darwin20.0.0-ld" -demangle -lto_library /Users/victor/miniforge3/envs/tf_m1/lib/libLTO.11.dylib -dynamic -arch arm64 -platform_version macos 12.0.0 12.0 -pie -syslibroot /Library/Developer/CommandLineTools/SDKs/MacOSX.sdk -o cmTC_5ad1a -L/Users/victor/miniforge3/envs/tf_m1/lib -search_paths_first -headerpad_max_install_names -pie -headerpad_max_install_names -dead_strip_dylibs -rpath /Users/victor/miniforge3/envs/tf_m1/lib -v CMakeFiles/cmTC_5ad1a.dir/CMakeCXXCompilerABI.cpp.o -lc++ -lSystem /Users/victor/miniforge3/envs/tf_m1/lib/clang/11.1.0/lib/darwin/libclang_rt.osx.a]
    arg [/Users/victor/miniforge3/envs/tf_m1/bin/arm64-apple-darwin20.0.0-ld] ==> ignore
    arg [-demangle] ==> ignore
    arg [-lto_library] ==> ignore, skip following value
    arg [/Users/victor/miniforge3/envs/tf_m1/lib/libLTO.11.dylib] ==> skip value of -lto_library
    arg [-dynamic] ==> ignore
    arg [-arch] ==> ignore
    arg [arm64] ==> ignore
    arg [-platform_version] ==> ignore
    arg [macos] ==> ignore
    arg [12.0.0] ==> ignore
    arg [12.0] ==> ignore
    arg [-pie] ==> ignore
    arg [-syslibroot] ==> ignore
    arg [/Library/Developer/CommandLineTools/SDKs/MacOSX.sdk] ==> ignore
    arg [-o] ==> ignore
    arg [cmTC_5ad1a] ==> ignore
    arg [-L/Users/victor/miniforge3/envs/tf_m1/lib] ==> dir [/Users/victor/miniforge3/envs/tf_m1/lib]
    arg [-search_paths_first] ==> ignore
    arg [-headerpad_max_install_names] ==> ignore
    arg [-pie] ==> ignore
    arg [-headerpad_max_install_names] ==> ignore
    arg [-dead_strip_dylibs] ==> ignore
    arg [-rpath] ==> ignore
    arg [/Users/victor/miniforge3/envs/tf_m1/lib] ==> ignore
    arg [-v] ==> ignore
    arg [CMakeFiles/cmTC_5ad1a.dir/CMakeCXXCompilerABI.cpp.o] ==> ignore
    arg [-lc++] ==> lib [c++]
    arg [-lSystem] ==> lib [System]
    arg [/Users/victor/miniforge3/envs/tf_m1/lib/clang/11.1.0/lib/darwin/libclang_rt.osx.a] ==> lib [/Users/victor/miniforge3/envs/tf_m1/lib/clang/11.1.0/lib/darwin/libclang_rt.osx.a]
  Library search paths: [;/Users/victor/miniforge3/envs/tf_m1/lib;/Library/Developer/CommandLineTools/SDKs/MacOSX.sdk/usr/lib]
  Framework search paths: [;/Library/Developer/CommandLineTools/SDKs/MacOSX.sdk/System/Library/Frameworks/]
  remove lib [System]
  remove lib [/Users/victor/miniforge3/envs/tf_m1/lib/clang/11.1.0/lib/darwin/libclang_rt.osx.a]
  collapse library dir [/Users/victor/miniforge3/envs/tf_m1/lib] ==> [/Users/victor/miniforge3/envs/tf_m1/lib]
  collapse library dir [/Users/victor/miniforge3/envs/tf_m1/lib] ==> [/Users/victor/miniforge3/envs/tf_m1/lib]
  collapse library dir [/Library/Developer/CommandLineTools/SDKs/MacOSX.sdk/usr/lib] ==> [/Library/Developer/CommandLineTools/SDKs/MacOSX.sdk/usr/lib]
  collapse framework dir [/Library/Developer/CommandLineTools/SDKs/MacOSX.sdk/System/Library/Frameworks/] ==> [/Library/Developer/CommandLineTools/SDKs/MacOSX.sdk/System/Library/Frameworks]
  implicit libs: [c++]
  implicit objs: []
  implicit dirs: [/Users/victor/miniforge3/envs/tf_m1/lib;/Library/Developer/CommandLineTools/SDKs/MacOSX.sdk/usr/lib]
  implicit fwks: [/Library/Developer/CommandLineTools/SDKs/MacOSX.sdk/System/Library/Frameworks]


Determining if the include file pthread.h exists passed with the following output:
Change Dir: /Users/victor/Documents/DarkSide/NeutronSource/MC/build/CMakeFiles/CMakeTmp

Run Build Command(s):/usr/bin/make -f Makefile cmTC_b0046/fast && /Library/Developer/CommandLineTools/usr/bin/make  -f CMakeFiles/cmTC_b0046.dir/build.make CMakeFiles/cmTC_b0046.dir/build
Building C object CMakeFiles/cmTC_b0046.dir/CheckIncludeFile.c.o
/Users/victor/miniforge3/envs/tf_m1/bin/arm64-apple-darwin20.0.0-clang   -ftree-vectorize -fPIC -fPIE -fstack-protector-strong -O2 -pipe -isystem /Users/victor/miniforge3/envs/tf_m1/include  -arch arm64 -isysroot /Library/Developer/CommandLineTools/SDKs/MacOSX.sdk -MD -MT CMakeFiles/cmTC_b0046.dir/CheckIncludeFile.c.o -MF CMakeFiles/cmTC_b0046.dir/CheckIncludeFile.c.o.d -o CMakeFiles/cmTC_b0046.dir/CheckIncludeFile.c.o -c /Users/victor/Documents/DarkSide/NeutronSource/MC/build/CMakeFiles/CMakeTmp/CheckIncludeFile.c
Linking C executable cmTC_b0046
/Applications/CMake.app/Contents/bin/cmake -E cmake_link_script CMakeFiles/cmTC_b0046.dir/link.txt --verbose=1
/Users/victor/miniforge3/envs/tf_m1/bin/arm64-apple-darwin20.0.0-clang -ftree-vectorize -fPIC -fPIE -fstack-protector-strong -O2 -pipe -isystem /Users/victor/miniforge3/envs/tf_m1/include  -arch arm64 -isysroot /Library/Developer/CommandLineTools/SDKs/MacOSX.sdk -Wl,-search_paths_first -Wl,-headerpad_max_install_names -Wl,-pie -Wl,-headerpad_max_install_names -Wl,-dead_strip_dylibs -Wl,-rpath,/Users/victor/miniforge3/envs/tf_m1/lib -L/Users/victor/miniforge3/envs/tf_m1/lib  CMakeFiles/cmTC_b0046.dir/CheckIncludeFile.c.o -o cmTC_b0046 



Performing C SOURCE FILE Test CMAKE_HAVE_LIBC_PTHREAD succeeded with the following output:
Change Dir: /Users/victor/Documents/DarkSide/NeutronSource/MC/build/CMakeFiles/CMakeTmp

Run Build Command(s):/usr/bin/make -f Makefile cmTC_ad59f/fast && /Library/Developer/CommandLineTools/usr/bin/make  -f CMakeFiles/cmTC_ad59f.dir/build.make CMakeFiles/cmTC_ad59f.dir/build
Building C object CMakeFiles/cmTC_ad59f.dir/src.c.o
/Users/victor/miniforge3/envs/tf_m1/bin/arm64-apple-darwin20.0.0-clang -DCMAKE_HAVE_LIBC_PTHREAD  -ftree-vectorize -fPIC -fPIE -fstack-protector-strong -O2 -pipe -isystem /Users/victor/miniforge3/envs/tf_m1/include  -arch arm64 -isysroot /Library/Developer/CommandLineTools/SDKs/MacOSX.sdk -MD -MT CMakeFiles/cmTC_ad59f.dir/src.c.o -MF CMakeFiles/cmTC_ad59f.dir/src.c.o.d -o CMakeFiles/cmTC_ad59f.dir/src.c.o -c /Users/victor/Documents/DarkSide/NeutronSource/MC/build/CMakeFiles/CMakeTmp/src.c
Linking C executable cmTC_ad59f
/Applications/CMake.app/Contents/bin/cmake -E cmake_link_script CMakeFiles/cmTC_ad59f.dir/link.txt --verbose=1
/Users/victor/miniforge3/envs/tf_m1/bin/arm64-apple-darwin20.0.0-clang -ftree-vectorize -fPIC -fPIE -fstack-protector-strong -O2 -pipe -isystem /Users/victor/miniforge3/envs/tf_m1/include  -arch arm64 -isysroot /Library/Developer/CommandLineTools/SDKs/MacOSX.sdk -Wl,-search_paths_first -Wl,-headerpad_max_install_names -Wl,-pie -Wl,-headerpad_max_install_names -Wl,-dead_strip_dylibs -Wl,-rpath,/Users/victor/miniforge3/envs/tf_m1/lib -L/Users/victor/miniforge3/envs/tf_m1/lib  CMakeFiles/cmTC_ad59f.dir/src.c.o -o cmTC_ad59f 


Source file was:
#include <pthread.h>

static void* test_func(void* data)
{
  return data;
}

int main(void)
{
  pthread_t thread;
  pthread_create(&thread, NULL, test_func, NULL);
  pthread_detach(thread);
  pthread_cancel(thread);
  pthread_join(thread, NULL);
  pthread_atfork(NULL, NULL, NULL);
  pthread_exit(NULL);

  return 0;
}

